2020-07-27 17:41:44,128 INFO o.a.j.u.JMeterUtils: Setting Locale to en_EN
2020-07-27 17:41:44,174 INFO o.a.j.JMeter: Loading user properties from: /usr/local/Cellar/jmeter/5.3/libexec/bin/user.properties
2020-07-27 17:41:44,174 INFO o.a.j.JMeter: Loading system properties from: /usr/local/Cellar/jmeter/5.3/libexec/bin/system.properties
2020-07-27 17:41:44,175 INFO o.a.j.JMeter: Copyright (c) 1998-2020 The Apache Software Foundation
2020-07-27 17:41:44,176 INFO o.a.j.JMeter: Version 5.3
2020-07-27 17:41:44,176 INFO o.a.j.JMeter: java.version=14.0.1
2020-07-27 17:41:44,176 INFO o.a.j.JMeter: java.vm.name=Java HotSpot(TM) 64-Bit Server VM
2020-07-27 17:41:44,176 INFO o.a.j.JMeter: os.name=Mac OS X
2020-07-27 17:41:44,176 INFO o.a.j.JMeter: os.arch=x86_64
2020-07-27 17:41:44,176 INFO o.a.j.JMeter: os.version=10.15.6
2020-07-27 17:41:44,176 INFO o.a.j.JMeter: file.encoding=UTF-8
2020-07-27 17:41:44,176 INFO o.a.j.JMeter: java.awt.headless=null
2020-07-27 17:41:44,176 INFO o.a.j.JMeter: Max memory     =1073741824
2020-07-27 17:41:44,176 INFO o.a.j.JMeter: Available Processors =16
2020-07-27 17:41:44,186 INFO o.a.j.JMeter: Default Locale=English (EN)
2020-07-27 17:41:44,186 INFO o.a.j.JMeter: JMeter  Locale=English (EN)
2020-07-27 17:41:44,186 INFO o.a.j.JMeter: JMeterHome=/usr/local/Cellar/jmeter/5.3/libexec
2020-07-27 17:41:44,186 INFO o.a.j.JMeter: user.dir  =/Users/darius/workspaces/go/go-tour
2020-07-27 17:41:44,186 INFO o.a.j.JMeter: PWD       =/Users/darius/workspaces/go/go-tour
2020-07-27 17:41:44,190 INFO o.a.j.JMeter: IP: 127.0.0.1 Name: localhost FullName: localhost
2020-07-27 17:41:45,640 INFO o.a.j.JMeter: Setting LAF to: com.github.weisj.darklaf.DarkLaf:com.github.weisj.darklaf.theme.DarculaTheme
2020-07-27 17:41:46,539 INFO o.a.j.JMeter: Loaded icon properties from org/apache/jmeter/images/icon.properties
2020-07-27 17:41:47,448 INFO o.j.r.JARSourceHTTP: Requesting https://jmeter-plugins.org/repo/?installID=mac_os_x-ce0c8578fbab5646d9b185da231a9ac7-gui
2020-07-27 17:41:50,321 INFO o.j.r.PluginManager: Plugins Status: [jpgc-graphs-basic=2.0, jpgc-graphs-composite=2.0, jpgc-casutg=2.9, jpgc-perfmon=2.1, jpgc-plugins-manager=1.4, jpgc-tst=2.5, jmeter-core=5.3, jmeter-ftp=5.3, jmeter-http=5.3, jmeter-jdbc=5.3, jmeter-jms=5.3, jmeter-junit=5.3, jmeter-java=5.3, jmeter-ldap=5.3, jmeter-mail=5.3, jmeter-mongodb=5.3, jmeter-native=5.3, jmeter-tcp=5.3, jmeter-components=5.3]
2020-07-27 17:41:57,727 INFO o.a.j.s.FileServer: Default base='/Users/darius/workspaces/go/go-tour'
2020-07-27 17:41:57,729 INFO o.a.j.g.a.Load: Loading file: /Users/darius/workspaces/tcbs/idg-gs/test/Datapower.jmx
2020-07-27 17:41:57,730 INFO o.a.j.s.FileServer: Set new base='/Users/darius/workspaces/tcbs/idg-gs/test'
2020-07-27 17:41:57,839 INFO o.a.j.s.SaveService: Testplan (JMX) version: 2.2. Testlog (JTL) version: 2.2
2020-07-27 17:41:57,846 INFO o.a.j.s.SaveService: Using SaveService properties version 5.0
2020-07-27 17:41:57,847 INFO o.a.j.s.SaveService: Using SaveService properties file encoding UTF-8
2020-07-27 17:41:57,848 INFO o.a.j.s.SaveService: Loading file: /Users/darius/workspaces/tcbs/idg-gs/test/Datapower.jmx
2020-07-27 17:41:57,960 INFO o.a.j.p.h.s.HTTPSamplerBase: Parser for text/html is org.apache.jmeter.protocol.http.parser.LagartoBasedHtmlParser
2020-07-27 17:41:57,960 INFO o.a.j.p.h.s.HTTPSamplerBase: Parser for application/xhtml+xml is org.apache.jmeter.protocol.http.parser.LagartoBasedHtmlParser
2020-07-27 17:41:57,960 INFO o.a.j.p.h.s.HTTPSamplerBase: Parser for application/xml is org.apache.jmeter.protocol.http.parser.LagartoBasedHtmlParser
2020-07-27 17:41:57,960 INFO o.a.j.p.h.s.HTTPSamplerBase: Parser for text/xml is org.apache.jmeter.protocol.http.parser.LagartoBasedHtmlParser
2020-07-27 17:41:57,960 INFO o.a.j.p.h.s.HTTPSamplerBase: Parser for text/vnd.wap.wml is org.apache.jmeter.protocol.http.parser.RegexpHTMLParser
2020-07-27 17:41:57,960 INFO o.a.j.p.h.s.HTTPSamplerBase: Parser for text/css is org.apache.jmeter.protocol.http.parser.CssParser
2020-07-27 17:41:58,031 INFO o.a.j.e.u.CompoundVariable: Note: Function class names must contain the string: '.functions.'
2020-07-27 17:41:58,031 INFO o.a.j.e.u.CompoundVariable: Note: Function class names must not contain the string: '.gui.'
2020-07-27 17:41:58,251 INFO o.a.j.s.SampleResult: Note: Sample TimeStamps are START times
2020-07-27 17:41:58,251 INFO o.a.j.s.SampleResult: sampleresult.default.encoding is set to ISO-8859-1
2020-07-27 17:41:58,251 INFO o.a.j.s.SampleResult: sampleresult.useNanoTime=true
2020-07-27 17:41:58,251 INFO o.a.j.s.SampleResult: sampleresult.nanoThreadSleep=5000
2020-07-27 17:41:58,389 INFO o.a.j.v.ViewResultsFullVisualizer: Add JavaFX to your Java installation if you want to use renderer: org.apache.jmeter.visualizers.RenderInBrowser
2020-07-27 17:41:58,567 INFO o.a.j.v.ViewResultsFullVisualizer: Add JavaFX to your Java installation if you want to use renderer: org.apache.jmeter.visualizers.RenderInBrowser
2020-07-27 17:41:58,695 INFO o.a.j.v.ViewResultsFullVisualizer: Add JavaFX to your Java installation if you want to use renderer: org.apache.jmeter.visualizers.RenderInBrowser
2020-07-27 17:41:58,815 INFO o.a.j.s.FileServer: Set new base='/Users/darius/workspaces/tcbs/idg-gs/test'
2020-07-27 17:42:42,991 INFO o.a.j.g.a.Load: Loading file: /Users/darius/workspaces/tcbs/idg-gs/test.jmx
2020-07-27 17:42:42,991 INFO o.a.j.s.FileServer: Set new base='/Users/darius/workspaces/tcbs/idg-gs'
2020-07-27 17:42:42,991 INFO o.a.j.s.SaveService: Loading file: /Users/darius/workspaces/tcbs/idg-gs/test.jmx
2020-07-27 17:42:42,993 WARN o.j.r.p.TestPlanAnalyzer: Failed read jmx file
java.io.FileNotFoundException: /Users/darius/workspaces/tcbs/idg-gs/test.jmx (No such file or directory)
	at java.io.FileInputStream.open0(Native Method) ~[?:?]
	at java.io.FileInputStream.open(FileInputStream.java:212) ~[?:?]
	at java.io.FileInputStream.<init>(FileInputStream.java:154) ~[?:?]
	at org.jmeterplugins.repository.plugins.TestPlanAnalyzer.readBytesFromFile(TestPlanAnalyzer.java:64) ~[jmeter-plugins-manager-1.4.jar:?]
	at org.jmeterplugins.repository.plugins.TestPlanAnalyzer.getNodeListWithClassNames(TestPlanAnalyzer.java:103) ~[jmeter-plugins-manager-1.4.jar:?]
	at org.jmeterplugins.repository.plugins.TestPlanAnalyzer.analyze(TestPlanAnalyzer.java:33) ~[jmeter-plugins-manager-1.4.jar:?]
	at org.jmeterplugins.repository.plugins.PluginSuggester.analyzeTestPlan(PluginSuggester.java:51) ~[jmeter-plugins-manager-1.4.jar:?]
	at org.jmeterplugins.repository.plugins.PluginSuggester.findPluginsToInstall(PluginSuggester.java:44) ~[jmeter-plugins-manager-1.4.jar:?]
	at org.jmeterplugins.repository.plugins.PluginSuggester.checkAndSuggest(PluginSuggester.java:28) ~[jmeter-plugins-manager-1.4.jar:?]
	at org.jmeterplugins.repository.logging.LoggerAppender.append(LoggerAppender.java:33) ~[jmeter-plugins-manager-1.4.jar:?]
	at org.apache.logging.log4j.core.config.AppenderControl.tryCallAppender(AppenderControl.java:156) ~[log4j-core-2.13.1.jar:2.13.1]
	at org.apache.logging.log4j.core.config.AppenderControl.callAppender0(AppenderControl.java:129) ~[log4j-core-2.13.1.jar:2.13.1]
	at org.apache.logging.log4j.core.config.AppenderControl.callAppenderPreventRecursion(AppenderControl.java:120) ~[log4j-core-2.13.1.jar:2.13.1]
	at org.apache.logging.log4j.core.config.AppenderControl.callAppender(AppenderControl.java:84) ~[log4j-core-2.13.1.jar:2.13.1]
	at org.apache.logging.log4j.core.config.LoggerConfig.callAppenders(LoggerConfig.java:543) ~[log4j-core-2.13.1.jar:2.13.1]
	at org.apache.logging.log4j.core.config.LoggerConfig.processLogEvent(LoggerConfig.java:502) ~[log4j-core-2.13.1.jar:2.13.1]
	at org.apache.logging.log4j.core.config.LoggerConfig.log(LoggerConfig.java:485) ~[log4j-core-2.13.1.jar:2.13.1]
	at org.apache.logging.log4j.core.config.LoggerConfig.log(LoggerConfig.java:460) ~[log4j-core-2.13.1.jar:2.13.1]
	at org.apache.logging.log4j.core.config.AwaitCompletionReliabilityStrategy.log(AwaitCompletionReliabilityStrategy.java:82) ~[log4j-core-2.13.1.jar:2.13.1]
	at org.apache.logging.log4j.core.Logger.log(Logger.java:161) ~[log4j-core-2.13.1.jar:2.13.1]
	at org.apache.logging.log4j.spi.AbstractLogger.tryLogMessage(AbstractLogger.java:2198) ~[log4j-api-2.13.1.jar:2.13.1]
	at org.apache.logging.log4j.spi.AbstractLogger.logMessageTrackRecursion(AbstractLogger.java:2152) ~[log4j-api-2.13.1.jar:2.13.1]
	at org.apache.logging.log4j.spi.AbstractLogger.logMessageSafely(AbstractLogger.java:2135) ~[log4j-api-2.13.1.jar:2.13.1]
	at org.apache.logging.log4j.spi.AbstractLogger.logMessage(AbstractLogger.java:2028) ~[log4j-api-2.13.1.jar:2.13.1]
	at org.apache.logging.log4j.spi.AbstractLogger.logIfEnabled(AbstractLogger.java:1899) ~[log4j-api-2.13.1.jar:2.13.1]
	at org.apache.logging.slf4j.Log4jLogger.info(Log4jLogger.java:184) ~[log4j-slf4j-impl-2.13.1.jar:2.13.1]
	at org.apache.jmeter.save.SaveService.loadTree(SaveService.java:427) ~[ApacheJMeter_core.jar:5.3]
	at org.apache.jmeter.gui.action.Load.loadProjectFile(Load.java:129) ~[ApacheJMeter_core.jar:5.3]
	at org.apache.jmeter.gui.action.Load.loadProjectFile(Load.java:101) ~[ApacheJMeter_core.jar:5.3]
	at org.apache.jmeter.gui.action.LoadRecentProject.doActionAfterCheck(LoadRecentProject.java:66) ~[ApacheJMeter_core.jar:5.3]
	at org.apache.jmeter.gui.action.AbstractActionWithNoRunningTest.doAction(AbstractActionWithNoRunningTest.java:44) ~[ApacheJMeter_core.jar:5.3]
	at org.apache.jmeter.gui.action.ActionRouter.performAction(ActionRouter.java:87) ~[ApacheJMeter_core.jar:5.3]
	at org.apache.jmeter.gui.action.ActionRouter.lambda$actionPerformed$0(ActionRouter.java:69) ~[ApacheJMeter_core.jar:5.3]
	at java.awt.event.InvocationEvent.dispatch(InvocationEvent.java:316) ~[?:?]
	at java.awt.EventQueue.dispatchEventImpl(EventQueue.java:770) ~[?:?]
	at java.awt.EventQueue$4.run(EventQueue.java:721) ~[?:?]
	at java.awt.EventQueue$4.run(EventQueue.java:715) ~[?:?]
	at java.security.AccessController.doPrivileged(AccessController.java:391) [?:?]
	at java.security.ProtectionDomain$JavaSecurityAccessImpl.doIntersectionPrivilege(ProtectionDomain.java:85) [?:?]
	at java.awt.EventQueue.dispatchEvent(EventQueue.java:740) [?:?]
	at java.awt.EventDispatchThread.pumpOneEventForFilters(EventDispatchThread.java:203) [?:?]
	at java.awt.EventDispatchThread.pumpEventsForFilter(EventDispatchThread.java:124) [?:?]
	at java.awt.EventDispatchThread.pumpEventsForHierarchy(EventDispatchThread.java:113) [?:?]
	at java.awt.EventDispatchThread.pumpEvents(EventDispatchThread.java:109) [?:?]
	at java.awt.EventDispatchThread.pumpEvents(EventDispatchThread.java:101) [?:?]
	at java.awt.EventDispatchThread.run(EventDispatchThread.java:90) [?:?]
2020-07-27 17:42:43,005 WARN o.j.r.p.TestPlanAnalyzer: Cannot parse file: /Users/darius/workspaces/tcbs/idg-gs/test.jmx
org.xml.sax.SAXParseException: Premature end of file.
	at org.apache.xerces.parsers.DOMParser.parse(Unknown Source) ~[xercesImpl-2.12.0.jar:?]
	at org.apache.xerces.jaxp.DocumentBuilderImpl.parse(Unknown Source) ~[xercesImpl-2.12.0.jar:?]
	at javax.xml.parsers.DocumentBuilder.parse(DocumentBuilder.java:122) ~[?:?]
	at org.jmeterplugins.repository.plugins.TestPlanAnalyzer.getNodeListWithClassNames(TestPlanAnalyzer.java:104) ~[jmeter-plugins-manager-1.4.jar:?]
	at org.jmeterplugins.repository.plugins.TestPlanAnalyzer.analyze(TestPlanAnalyzer.java:33) ~[jmeter-plugins-manager-1.4.jar:?]
	at org.jmeterplugins.repository.plugins.PluginSuggester.analyzeTestPlan(PluginSuggester.java:51) ~[jmeter-plugins-manager-1.4.jar:?]
	at org.jmeterplugins.repository.plugins.PluginSuggester.findPluginsToInstall(PluginSuggester.java:44) ~[jmeter-plugins-manager-1.4.jar:?]
	at org.jmeterplugins.repository.plugins.PluginSuggester.checkAndSuggest(PluginSuggester.java:28) ~[jmeter-plugins-manager-1.4.jar:?]
	at org.jmeterplugins.repository.logging.LoggerAppender.append(LoggerAppender.java:33) ~[jmeter-plugins-manager-1.4.jar:?]
	at org.apache.logging.log4j.core.config.AppenderControl.tryCallAppender(AppenderControl.java:156) ~[log4j-core-2.13.1.jar:2.13.1]
	at org.apache.logging.log4j.core.config.AppenderControl.callAppender0(AppenderControl.java:129) ~[log4j-core-2.13.1.jar:2.13.1]
	at org.apache.logging.log4j.core.config.AppenderControl.callAppenderPreventRecursion(AppenderControl.java:120) ~[log4j-core-2.13.1.jar:2.13.1]
	at org.apache.logging.log4j.core.config.AppenderControl.callAppender(AppenderControl.java:84) ~[log4j-core-2.13.1.jar:2.13.1]
	at org.apache.logging.log4j.core.config.LoggerConfig.callAppenders(LoggerConfig.java:543) ~[log4j-core-2.13.1.jar:2.13.1]
	at org.apache.logging.log4j.core.config.LoggerConfig.processLogEvent(LoggerConfig.java:502) ~[log4j-core-2.13.1.jar:2.13.1]
	at org.apache.logging.log4j.core.config.LoggerConfig.log(LoggerConfig.java:485) ~[log4j-core-2.13.1.jar:2.13.1]
	at org.apache.logging.log4j.core.config.LoggerConfig.log(LoggerConfig.java:460) ~[log4j-core-2.13.1.jar:2.13.1]
	at org.apache.logging.log4j.core.config.AwaitCompletionReliabilityStrategy.log(AwaitCompletionReliabilityStrategy.java:82) ~[log4j-core-2.13.1.jar:2.13.1]
	at org.apache.logging.log4j.core.Logger.log(Logger.java:161) ~[log4j-core-2.13.1.jar:2.13.1]
	at org.apache.logging.log4j.spi.AbstractLogger.tryLogMessage(AbstractLogger.java:2198) ~[log4j-api-2.13.1.jar:2.13.1]
	at org.apache.logging.log4j.spi.AbstractLogger.logMessageTrackRecursion(AbstractLogger.java:2152) ~[log4j-api-2.13.1.jar:2.13.1]
	at org.apache.logging.log4j.spi.AbstractLogger.logMessageSafely(AbstractLogger.java:2135) ~[log4j-api-2.13.1.jar:2.13.1]
	at org.apache.logging.log4j.spi.AbstractLogger.logMessage(AbstractLogger.java:2028) ~[log4j-api-2.13.1.jar:2.13.1]
	at org.apache.logging.log4j.spi.AbstractLogger.logIfEnabled(AbstractLogger.java:1899) ~[log4j-api-2.13.1.jar:2.13.1]
	at org.apache.logging.slf4j.Log4jLogger.info(Log4jLogger.java:184) ~[log4j-slf4j-impl-2.13.1.jar:2.13.1]
	at org.apache.jmeter.save.SaveService.loadTree(SaveService.java:427) ~[ApacheJMeter_core.jar:5.3]
	at org.apache.jmeter.gui.action.Load.loadProjectFile(Load.java:129) ~[ApacheJMeter_core.jar:5.3]
	at org.apache.jmeter.gui.action.Load.loadProjectFile(Load.java:101) ~[ApacheJMeter_core.jar:5.3]
	at org.apache.jmeter.gui.action.LoadRecentProject.doActionAfterCheck(LoadRecentProject.java:66) ~[ApacheJMeter_core.jar:5.3]
	at org.apache.jmeter.gui.action.AbstractActionWithNoRunningTest.doAction(AbstractActionWithNoRunningTest.java:44) ~[ApacheJMeter_core.jar:5.3]
	at org.apache.jmeter.gui.action.ActionRouter.performAction(ActionRouter.java:87) ~[ApacheJMeter_core.jar:5.3]
	at org.apache.jmeter.gui.action.ActionRouter.lambda$actionPerformed$0(ActionRouter.java:69) ~[ApacheJMeter_core.jar:5.3]
	at java.awt.event.InvocationEvent.dispatch(InvocationEvent.java:316) ~[?:?]
	at java.awt.EventQueue.dispatchEventImpl(EventQueue.java:770) ~[?:?]
	at java.awt.EventQueue$4.run(EventQueue.java:721) ~[?:?]
	at java.awt.EventQueue$4.run(EventQueue.java:715) ~[?:?]
	at java.security.AccessController.doPrivileged(AccessController.java:391) [?:?]
	at java.security.ProtectionDomain$JavaSecurityAccessImpl.doIntersectionPrivilege(ProtectionDomain.java:85) [?:?]
	at java.awt.EventQueue.dispatchEvent(EventQueue.java:740) [?:?]
	at java.awt.EventDispatchThread.pumpOneEventForFilters(EventDispatchThread.java:203) [?:?]
	at java.awt.EventDispatchThread.pumpEventsForFilter(EventDispatchThread.java:124) [?:?]
	at java.awt.EventDispatchThread.pumpEventsForHierarchy(EventDispatchThread.java:113) [?:?]
	at java.awt.EventDispatchThread.pumpEvents(EventDispatchThread.java:109) [?:?]
	at java.awt.EventDispatchThread.pumpEvents(EventDispatchThread.java:101) [?:?]
	at java.awt.EventDispatchThread.run(EventDispatchThread.java:90) [?:?]
2020-07-27 17:42:43,005 WARN o.a.j.g.a.Load: Error reading file. java.io.FileNotFoundException: /Users/darius/workspaces/tcbs/idg-gs/test.jmx (No such file or directory)
2020-07-27 17:43:29,278 INFO o.a.j.g.a.Load: Loading file: /Users/darius/workspaces/tcbs/idg-gs/test/Datapower.jmx
2020-07-27 17:43:29,278 INFO o.a.j.s.FileServer: Set new base='/Users/darius/workspaces/tcbs/idg-gs/test'
2020-07-27 17:43:29,279 INFO o.a.j.s.SaveService: Loading file: /Users/darius/workspaces/tcbs/idg-gs/test/Datapower.jmx
2020-07-27 17:43:29,343 INFO o.a.j.v.ViewResultsFullVisualizer: Add JavaFX to your Java installation if you want to use renderer: org.apache.jmeter.visualizers.RenderInBrowser
2020-07-27 17:43:29,472 INFO o.a.j.v.ViewResultsFullVisualizer: Add JavaFX to your Java installation if you want to use renderer: org.apache.jmeter.visualizers.RenderInBrowser
2020-07-27 17:43:29,591 INFO o.a.j.v.ViewResultsFullVisualizer: Add JavaFX to your Java installation if you want to use renderer: org.apache.jmeter.visualizers.RenderInBrowser
2020-07-27 17:43:29,705 INFO o.a.j.v.ViewResultsFullVisualizer: Add JavaFX to your Java installation if you want to use renderer: org.apache.jmeter.visualizers.RenderInBrowser
2020-07-27 17:43:29,799 INFO o.a.j.s.FileServer: Set new base='/Users/darius/workspaces/tcbs/idg-gs/test'
2020-07-27 17:44:08,031 INFO o.a.j.g.a.Load: Loading file: /Users/darius/workspaces/tcbs/idg-gs/test.jmx
2020-07-27 17:44:08,032 INFO o.a.j.s.FileServer: Set new base='/Users/darius/workspaces/tcbs/idg-gs'
2020-07-27 17:44:08,032 INFO o.a.j.s.SaveService: Loading file: /Users/darius/workspaces/tcbs/idg-gs/test.jmx
2020-07-27 17:44:08,033 WARN o.j.r.p.TestPlanAnalyzer: Failed read jmx file
java.io.FileNotFoundException: /Users/darius/workspaces/tcbs/idg-gs/test.jmx (No such file or directory)
	at java.io.FileInputStream.open0(Native Method) ~[?:?]
	at java.io.FileInputStream.open(FileInputStream.java:212) ~[?:?]
	at java.io.FileInputStream.<init>(FileInputStream.java:154) ~[?:?]
	at org.jmeterplugins.repository.plugins.TestPlanAnalyzer.readBytesFromFile(TestPlanAnalyzer.java:64) ~[jmeter-plugins-manager-1.4.jar:?]
	at org.jmeterplugins.repository.plugins.TestPlanAnalyzer.getNodeListWithClassNames(TestPlanAnalyzer.java:103) ~[jmeter-plugins-manager-1.4.jar:?]
	at org.jmeterplugins.repository.plugins.TestPlanAnalyzer.analyze(TestPlanAnalyzer.java:33) ~[jmeter-plugins-manager-1.4.jar:?]
	at org.jmeterplugins.repository.plugins.PluginSuggester.analyzeTestPlan(PluginSuggester.java:51) ~[jmeter-plugins-manager-1.4.jar:?]
	at org.jmeterplugins.repository.plugins.PluginSuggester.findPluginsToInstall(PluginSuggester.java:44) ~[jmeter-plugins-manager-1.4.jar:?]
	at org.jmeterplugins.repository.plugins.PluginSuggester.checkAndSuggest(PluginSuggester.java:28) ~[jmeter-plugins-manager-1.4.jar:?]
	at org.jmeterplugins.repository.logging.LoggerAppender.append(LoggerAppender.java:33) ~[jmeter-plugins-manager-1.4.jar:?]
	at org.apache.logging.log4j.core.config.AppenderControl.tryCallAppender(AppenderControl.java:156) ~[log4j-core-2.13.1.jar:2.13.1]
	at org.apache.logging.log4j.core.config.AppenderControl.callAppender0(AppenderControl.java:129) ~[log4j-core-2.13.1.jar:2.13.1]
	at org.apache.logging.log4j.core.config.AppenderControl.callAppenderPreventRecursion(AppenderControl.java:120) ~[log4j-core-2.13.1.jar:2.13.1]
	at org.apache.logging.log4j.core.config.AppenderControl.callAppender(AppenderControl.java:84) ~[log4j-core-2.13.1.jar:2.13.1]
	at org.apache.logging.log4j.core.config.LoggerConfig.callAppenders(LoggerConfig.java:543) ~[log4j-core-2.13.1.jar:2.13.1]
	at org.apache.logging.log4j.core.config.LoggerConfig.processLogEvent(LoggerConfig.java:502) ~[log4j-core-2.13.1.jar:2.13.1]
	at org.apache.logging.log4j.core.config.LoggerConfig.log(LoggerConfig.java:485) ~[log4j-core-2.13.1.jar:2.13.1]
	at org.apache.logging.log4j.core.config.LoggerConfig.log(LoggerConfig.java:460) ~[log4j-core-2.13.1.jar:2.13.1]
	at org.apache.logging.log4j.core.config.AwaitCompletionReliabilityStrategy.log(AwaitCompletionReliabilityStrategy.java:82) ~[log4j-core-2.13.1.jar:2.13.1]
	at org.apache.logging.log4j.core.Logger.log(Logger.java:161) ~[log4j-core-2.13.1.jar:2.13.1]
	at org.apache.logging.log4j.spi.AbstractLogger.tryLogMessage(AbstractLogger.java:2198) ~[log4j-api-2.13.1.jar:2.13.1]
	at org.apache.logging.log4j.spi.AbstractLogger.logMessageTrackRecursion(AbstractLogger.java:2152) ~[log4j-api-2.13.1.jar:2.13.1]
	at org.apache.logging.log4j.spi.AbstractLogger.logMessageSafely(AbstractLogger.java:2135) ~[log4j-api-2.13.1.jar:2.13.1]
	at org.apache.logging.log4j.spi.AbstractLogger.logMessage(AbstractLogger.java:2028) ~[log4j-api-2.13.1.jar:2.13.1]
	at org.apache.logging.log4j.spi.AbstractLogger.logIfEnabled(AbstractLogger.java:1899) ~[log4j-api-2.13.1.jar:2.13.1]
	at org.apache.logging.slf4j.Log4jLogger.info(Log4jLogger.java:184) ~[log4j-slf4j-impl-2.13.1.jar:2.13.1]
	at org.apache.jmeter.save.SaveService.loadTree(SaveService.java:427) ~[ApacheJMeter_core.jar:5.3]
	at org.apache.jmeter.gui.action.Load.loadProjectFile(Load.java:129) ~[ApacheJMeter_core.jar:5.3]
	at org.apache.jmeter.gui.action.Load.loadProjectFile(Load.java:101) ~[ApacheJMeter_core.jar:5.3]
	at org.apache.jmeter.gui.action.LoadRecentProject.doActionAfterCheck(LoadRecentProject.java:66) ~[ApacheJMeter_core.jar:5.3]
	at org.apache.jmeter.gui.action.AbstractActionWithNoRunningTest.doAction(AbstractActionWithNoRunningTest.java:44) ~[ApacheJMeter_core.jar:5.3]
	at org.apache.jmeter.gui.action.ActionRouter.performAction(ActionRouter.java:87) ~[ApacheJMeter_core.jar:5.3]
	at org.apache.jmeter.gui.action.ActionRouter.lambda$actionPerformed$0(ActionRouter.java:69) ~[ApacheJMeter_core.jar:5.3]
	at java.awt.event.InvocationEvent.dispatch(InvocationEvent.java:316) ~[?:?]
	at java.awt.EventQueue.dispatchEventImpl(EventQueue.java:770) ~[?:?]
	at java.awt.EventQueue$4.run(EventQueue.java:721) ~[?:?]
	at java.awt.EventQueue$4.run(EventQueue.java:715) ~[?:?]
	at java.security.AccessController.doPrivileged(AccessController.java:391) [?:?]
	at java.security.ProtectionDomain$JavaSecurityAccessImpl.doIntersectionPrivilege(ProtectionDomain.java:85) [?:?]
	at java.awt.EventQueue.dispatchEvent(EventQueue.java:740) [?:?]
	at java.awt.EventDispatchThread.pumpOneEventForFilters(EventDispatchThread.java:203) [?:?]
	at java.awt.EventDispatchThread.pumpEventsForFilter(EventDispatchThread.java:124) [?:?]
	at java.awt.EventDispatchThread.pumpEventsForHierarchy(EventDispatchThread.java:113) [?:?]
	at java.awt.EventDispatchThread.pumpEvents(EventDispatchThread.java:109) [?:?]
	at java.awt.EventDispatchThread.pumpEvents(EventDispatchThread.java:101) [?:?]
	at java.awt.EventDispatchThread.run(EventDispatchThread.java:90) [?:?]
2020-07-27 17:44:08,034 WARN o.j.r.p.TestPlanAnalyzer: Cannot parse file: /Users/darius/workspaces/tcbs/idg-gs/test.jmx
org.xml.sax.SAXParseException: Premature end of file.
	at org.apache.xerces.parsers.DOMParser.parse(Unknown Source) ~[xercesImpl-2.12.0.jar:?]
	at org.apache.xerces.jaxp.DocumentBuilderImpl.parse(Unknown Source) ~[xercesImpl-2.12.0.jar:?]
	at javax.xml.parsers.DocumentBuilder.parse(DocumentBuilder.java:122) ~[?:?]
	at org.jmeterplugins.repository.plugins.TestPlanAnalyzer.getNodeListWithClassNames(TestPlanAnalyzer.java:104) ~[jmeter-plugins-manager-1.4.jar:?]
	at org.jmeterplugins.repository.plugins.TestPlanAnalyzer.analyze(TestPlanAnalyzer.java:33) ~[jmeter-plugins-manager-1.4.jar:?]
	at org.jmeterplugins.repository.plugins.PluginSuggester.analyzeTestPlan(PluginSuggester.java:51) ~[jmeter-plugins-manager-1.4.jar:?]
	at org.jmeterplugins.repository.plugins.PluginSuggester.findPluginsToInstall(PluginSuggester.java:44) ~[jmeter-plugins-manager-1.4.jar:?]
	at org.jmeterplugins.repository.plugins.PluginSuggester.checkAndSuggest(PluginSuggester.java:28) ~[jmeter-plugins-manager-1.4.jar:?]
	at org.jmeterplugins.repository.logging.LoggerAppender.append(LoggerAppender.java:33) ~[jmeter-plugins-manager-1.4.jar:?]
	at org.apache.logging.log4j.core.config.AppenderControl.tryCallAppender(AppenderControl.java:156) ~[log4j-core-2.13.1.jar:2.13.1]
	at org.apache.logging.log4j.core.config.AppenderControl.callAppender0(AppenderControl.java:129) ~[log4j-core-2.13.1.jar:2.13.1]
	at org.apache.logging.log4j.core.config.AppenderControl.callAppenderPreventRecursion(AppenderControl.java:120) ~[log4j-core-2.13.1.jar:2.13.1]
	at org.apache.logging.log4j.core.config.AppenderControl.callAppender(AppenderControl.java:84) ~[log4j-core-2.13.1.jar:2.13.1]
	at org.apache.logging.log4j.core.config.LoggerConfig.callAppenders(LoggerConfig.java:543) ~[log4j-core-2.13.1.jar:2.13.1]
	at org.apache.logging.log4j.core.config.LoggerConfig.processLogEvent(LoggerConfig.java:502) ~[log4j-core-2.13.1.jar:2.13.1]
	at org.apache.logging.log4j.core.config.LoggerConfig.log(LoggerConfig.java:485) ~[log4j-core-2.13.1.jar:2.13.1]
	at org.apache.logging.log4j.core.config.LoggerConfig.log(LoggerConfig.java:460) ~[log4j-core-2.13.1.jar:2.13.1]
	at org.apache.logging.log4j.core.config.AwaitCompletionReliabilityStrategy.log(AwaitCompletionReliabilityStrategy.java:82) ~[log4j-core-2.13.1.jar:2.13.1]
	at org.apache.logging.log4j.core.Logger.log(Logger.java:161) ~[log4j-core-2.13.1.jar:2.13.1]
	at org.apache.logging.log4j.spi.AbstractLogger.tryLogMessage(AbstractLogger.java:2198) ~[log4j-api-2.13.1.jar:2.13.1]
	at org.apache.logging.log4j.spi.AbstractLogger.logMessageTrackRecursion(AbstractLogger.java:2152) ~[log4j-api-2.13.1.jar:2.13.1]
	at org.apache.logging.log4j.spi.AbstractLogger.logMessageSafely(AbstractLogger.java:2135) ~[log4j-api-2.13.1.jar:2.13.1]
	at org.apache.logging.log4j.spi.AbstractLogger.logMessage(AbstractLogger.java:2028) ~[log4j-api-2.13.1.jar:2.13.1]
	at org.apache.logging.log4j.spi.AbstractLogger.logIfEnabled(AbstractLogger.java:1899) ~[log4j-api-2.13.1.jar:2.13.1]
	at org.apache.logging.slf4j.Log4jLogger.info(Log4jLogger.java:184) ~[log4j-slf4j-impl-2.13.1.jar:2.13.1]
	at org.apache.jmeter.save.SaveService.loadTree(SaveService.java:427) ~[ApacheJMeter_core.jar:5.3]
	at org.apache.jmeter.gui.action.Load.loadProjectFile(Load.java:129) ~[ApacheJMeter_core.jar:5.3]
	at org.apache.jmeter.gui.action.Load.loadProjectFile(Load.java:101) ~[ApacheJMeter_core.jar:5.3]
	at org.apache.jmeter.gui.action.LoadRecentProject.doActionAfterCheck(LoadRecentProject.java:66) ~[ApacheJMeter_core.jar:5.3]
	at org.apache.jmeter.gui.action.AbstractActionWithNoRunningTest.doAction(AbstractActionWithNoRunningTest.java:44) ~[ApacheJMeter_core.jar:5.3]
	at org.apache.jmeter.gui.action.ActionRouter.performAction(ActionRouter.java:87) ~[ApacheJMeter_core.jar:5.3]
	at org.apache.jmeter.gui.action.ActionRouter.lambda$actionPerformed$0(ActionRouter.java:69) ~[ApacheJMeter_core.jar:5.3]
	at java.awt.event.InvocationEvent.dispatch(InvocationEvent.java:316) ~[?:?]
	at java.awt.EventQueue.dispatchEventImpl(EventQueue.java:770) ~[?:?]
	at java.awt.EventQueue$4.run(EventQueue.java:721) ~[?:?]
	at java.awt.EventQueue$4.run(EventQueue.java:715) ~[?:?]
	at java.security.AccessController.doPrivileged(AccessController.java:391) [?:?]
	at java.security.ProtectionDomain$JavaSecurityAccessImpl.doIntersectionPrivilege(ProtectionDomain.java:85) [?:?]
	at java.awt.EventQueue.dispatchEvent(EventQueue.java:740) [?:?]
	at java.awt.EventDispatchThread.pumpOneEventForFilters(EventDispatchThread.java:203) [?:?]
	at java.awt.EventDispatchThread.pumpEventsForFilter(EventDispatchThread.java:124) [?:?]
	at java.awt.EventDispatchThread.pumpEventsForHierarchy(EventDispatchThread.java:113) [?:?]
	at java.awt.EventDispatchThread.pumpEvents(EventDispatchThread.java:109) [?:?]
	at java.awt.EventDispatchThread.pumpEvents(EventDispatchThread.java:101) [?:?]
	at java.awt.EventDispatchThread.run(EventDispatchThread.java:90) [?:?]
2020-07-27 17:44:08,034 WARN o.a.j.g.a.Load: Error reading file. java.io.FileNotFoundException: /Users/darius/workspaces/tcbs/idg-gs/test.jmx (No such file or directory)
2020-07-27 17:44:51,586 INFO o.a.j.g.a.Load: Loading file: /Users/darius/workspaces/tcbs/idg-gs/test/Datapower.jmx
2020-07-27 17:44:51,586 INFO o.a.j.s.FileServer: Set new base='/Users/darius/workspaces/tcbs/idg-gs/test'
2020-07-27 17:44:51,587 INFO o.a.j.s.SaveService: Loading file: /Users/darius/workspaces/tcbs/idg-gs/test/Datapower.jmx
2020-07-27 17:44:51,614 INFO o.a.j.v.ViewResultsFullVisualizer: Add JavaFX to your Java installation if you want to use renderer: org.apache.jmeter.visualizers.RenderInBrowser
2020-07-27 17:44:51,667 INFO o.a.j.v.ViewResultsFullVisualizer: Add JavaFX to your Java installation if you want to use renderer: org.apache.jmeter.visualizers.RenderInBrowser
2020-07-27 17:44:51,703 INFO o.a.j.v.ViewResultsFullVisualizer: Add JavaFX to your Java installation if you want to use renderer: org.apache.jmeter.visualizers.RenderInBrowser
2020-07-27 17:44:51,731 INFO o.a.j.s.FileServer: Set new base='/Users/darius/workspaces/tcbs/idg-gs/test'
